<?xml version="1.0" encoding="UTF-8" ?>
<testsuite errors="0" failures="0" hostname="Wurm" name="test.ImageSaveHandlerTest" tests="1" time="0.298" timestamp="2014-09-30T04:24:22">
  <properties>
    <property name="java.vendor" value="Oracle Corporation" />
    <property name="sun.java.launcher" value="SUN_STANDARD" />
    <property name="ant.file.ImageViewer" value="/home/guy/git/ImageViewer/build.xml" />
    <property name="sun.management.compiler" value="HotSpot 64-Bit Tiered Compilers" />
    <property name="dist" value="/home/guy/git/ImageViewer/dist" />
    <property name="lib" value="/home/guy/git/ImageViewer/lib" />
    <property name="os.name" value="Linux" />
    <property name="sun.boot.class.path" value="/usr/lib/jvm/java-8-oracle/jre/lib/resources.jar:/usr/lib/jvm/java-8-oracle/jre/lib/rt.jar:/usr/lib/jvm/java-8-oracle/jre/lib/sunrsasign.jar:/usr/lib/jvm/java-8-oracle/jre/lib/jsse.jar:/usr/lib/jvm/java-8-oracle/jre/lib/jce.jar:/usr/lib/jvm/java-8-oracle/jre/lib/charsets.jar:/usr/lib/jvm/java-8-oracle/jre/lib/jfr.jar:/usr/lib/jvm/java-8-oracle/jre/classes" />
    <property name="TODAY" value="September 29 2014" />
    <property name="sun.desktop" value="gnome" />
    <property name="java.vm.specification.vendor" value="Oracle Corporation" />
    <property name="ant.home" value="/usr/share/ant" />
    <property name="java.runtime.version" value="1.8.0_20-b26" />
    <property name="user.name" value="guy" />
    <property name="title" value="ImageViewer" />
    <property name="reports" value="/home/guy/git/ImageViewer/test/reports" />
    <property name="user.language" value="en" />
    <property name="build" value="/home/guy/git/ImageViewer/build" />
    <property name="sun.boot.library.path" value="/usr/lib/jvm/java-8-oracle/jre/lib/amd64" />
    <property name="ant.file.type.ImageViewer" value="file" />
    <property name="ant.project.default-target" value="all" />
    <property name="ant.project.name" value="ImageViewer" />
    <property name="DSTAMP" value="20140929" />
    <property name="java.version" value="1.8.0_20" />
    <property name="user.timezone" value="America/Denver" />
    <property name="sun.arch.data.model" value="64" />
    <property name="java.endorsed.dirs" value="/usr/lib/jvm/java-8-oracle/jre/lib/endorsed" />
    <property name="doc" value="/home/guy/git/ImageViewer/doc" />
    <property name="sun.cpu.isalist" value="" />
    <property name="sun.jnu.encoding" value="ISO-8859-15" />
    <property name="file.encoding.pkg" value="sun.io" />
    <property name="file.separator" value="/" />
    <property name="java.specification.name" value="Java Platform API Specification" />
    <property name="java.class.version" value="52.0" />
    <property name="src" value="/home/guy/git/ImageViewer/src" />
    <property name="user.country" value="US" />
    <property name="java.home" value="/usr/lib/jvm/java-8-oracle/jre" />
    <property name="java.vm.info" value="mixed mode" />
    <property name="ant.file" value="/home/guy/git/ImageViewer/build.xml" />
    <property name="os.version" value="3.2.0-4-amd64" />
    <property name="path.separator" value=":" />
    <property name="java.vm.version" value="25.20-b23" />
    <property name="img" value="/home/guy/git/ImageViewer/img" />
    <property name="ant.library.dir" value="/usr/share/ant/lib" />
    <property name="java.awt.printerjob" value="sun.print.PSPrinterJob" />
    <property name="sun.io.unicode.encoding" value="UnicodeLittle" />
    <property name="awt.toolkit" value="sun.awt.X11.XToolkit" />
    <property name="user.home" value="/home/guy" />
    <property name="java.specification.vendor" value="Oracle Corporation" />
    <property name="test" value="/home/guy/git/ImageViewer/test" />
    <property name="java.library.path" value="/usr/java/packages/lib/amd64:/usr/lib64:/lib64:/lib:/usr/lib" />
    <property name="java.vendor.url" value="http://java.oracle.com/" />
    <property name="java.vm.vendor" value="Oracle Corporation" />
    <property name="java.runtime.name" value="Java(TM) SE Runtime Environment" />
    <property name="sun.java.command" value="org.apache.tools.ant.taskdefs.optional.junit.JUnitTestRunner test.ImageSaveHandlerTest filtertrace=true haltOnError=false haltOnFailure=false formatter=org.apache.tools.ant.taskdefs.optional.junit.SummaryJUnitResultFormatter showoutput=true outputtoformatters=true logfailedtests=true logtestlistenerevents=false formatter=org.apache.tools.ant.taskdefs.optional.junit.XMLJUnitResultFormatter,/home/guy/git/ImageViewer/test/reports/TEST-test.ImageSaveHandlerTest.xml formatter=org.apache.tools.ant.taskdefs.optional.junit.PlainJUnitResultFormatter,/home/guy/git/ImageViewer/test/reports/TEST-test.ImageSaveHandlerTest.txt crashfile=/home/guy/git/ImageViewer/junitvmwatcher6226533459312764365.properties propsfile=/home/guy/git/ImageViewer/junit3179596750013860810.properties" />
    <property name="java.class.path" value="/home/guy/git/ImageViewer/lib/ant-javafx.jar:/home/guy/git/ImageViewer/lib/junit.jar:/home/guy/git/ImageViewer/lib/org.hamcrest.core_1.3.0.v201303031735.jar:/home/guy/git/ImageViewer/build:/home/guy/git/ImageViewer/img:/usr/share/ant/lib/junit.jar:/usr/share/java/ant-launcher-1.8.2.jar:/usr/share/ant/lib/ant.jar:/usr/share/ant/lib/ant-junit.jar:/usr/share/ant/lib/ant-junit4.jar" />
    <property name="ant.version" value="Apache Ant(TM) version 1.8.2 compiled on September 22 2011" />
    <property name="TSTAMP" value="2224" />
    <property name="java.vm.specification.name" value="Java Virtual Machine Specification" />
    <property name="ant.file.type" value="file" />
    <property name="java.vm.specification.version" value="1.8" />
    <property name="sun.cpu.endian" value="little" />
    <property name="sun.os.patch.level" value="unknown" />
    <property name="java.io.tmpdir" value="/tmp" />
    <property name="java.vendor.url.bug" value="http://bugreport.sun.com/bugreport/" />
    <property name="os.arch" value="amd64" />
    <property name="java.awt.graphicsenv" value="sun.awt.X11GraphicsEnvironment" />
    <property name="java.ext.dirs" value="/usr/lib/jvm/java-8-oracle/jre/lib/ext:/usr/java/packages/lib/ext" />
    <property name="user.dir" value="/home/guy/git/ImageViewer" />
    <property name="line.separator" value="&#xa;" />
    <property name="java.vm.name" value="Java HotSpot(TM) 64-Bit Server VM" />
    <property name="basedir" value="/home/guy/git/ImageViewer" />
    <property name="ant.java.version" value="1.7" />
    <property name="ant.core.lib" value="/usr/share/ant/lib/ant.jar" />
    <property name="file.encoding" value="ISO-8859-15" />
    <property name="java.specification.version" value="1.8" />
    <property name="ant.project.invoked-targets" value="all" />
  </properties>
  <testcase classname="test.ImageSaveHandlerTest" name="testSave" time="0.27" />
  <system-out><![CDATA[]]></system-out>
  <system-err><![CDATA[]]></system-err>
</testsuite>
